2015-06-14 17:13:52 Error: [MissingControllerException] Controller class Controller could not be found.
Exception Attributes: array (
  'class' => 'Controller',
  'plugin' => NULL,
)
Request URL: /blog/
Stack Trace:
#0 E:\wamp\www\blog\app\webroot\index.php(118): Dispatcher->dispatch(Object(CakeRequest), Object(CakeResponse))
#1 E:\wamp\www\blog\index.php(41): require('E:\\wamp\\www\\blo...')
#2 {main}
2015-06-14 17:14:35 Error: [MissingControllerException] Controller class Controller could not be found.
Exception Attributes: array (
  'class' => 'Controller',
  'plugin' => NULL,
)
Request URL: /blog/
Stack Trace:
#0 E:\wamp\www\blog\app\webroot\index.php(118): Dispatcher->dispatch(Object(CakeRequest), Object(CakeResponse))
#1 E:\wamp\www\blog\index.php(41): require('E:\\wamp\\www\\blo...')
#2 {main}
2015-06-14 17:17:16 Error: [MissingControllerException] Controller class Controller could not be found.
Exception Attributes: array (
  'class' => 'Controller',
  'plugin' => NULL,
)
Request URL: /blog/
Stack Trace:
#0 E:\wamp\www\blog\app\webroot\index.php(118): Dispatcher->dispatch(Object(CakeRequest), Object(CakeResponse))
#1 E:\wamp\www\blog\index.php(41): require('E:\\wamp\\www\\blo...')
#2 {main}
2015-06-14 17:19:45 Error: [MissingControllerException] Controller class Controller could not be found.
Exception Attributes: array (
  'class' => 'Controller',
  'plugin' => NULL,
)
Request URL: /blog/
Stack Trace:
#0 E:\wamp\www\blog\app\webroot\index.php(118): Dispatcher->dispatch(Object(CakeRequest), Object(CakeResponse))
#1 E:\wamp\www\blog\index.php(41): require('E:\\wamp\\www\\blo...')
#2 {main}
2015-06-15 04:29:44 Error: [MissingControllerException] Controller class Controller could not be found.
Exception Attributes: array (
  'class' => 'Controller',
  'plugin' => NULL,
)
Request URL: /blog/
Stack Trace:
#0 E:\wamp\www\blog\app\webroot\index.php(118): Dispatcher->dispatch(Object(CakeRequest), Object(CakeResponse))
#1 E:\wamp\www\blog\index.php(41): require('E:\\wamp\\www\\blo...')
#2 {main}
2015-06-15 04:31:54 Error: [MissingControllerException] Controller class Controller could not be found.
Exception Attributes: array (
  'class' => 'Controller',
  'plugin' => NULL,
)
Request URL: /blog/
Stack Trace:
#0 E:\wamp\www\blog\app\webroot\index.php(118): Dispatcher->dispatch(Object(CakeRequest), Object(CakeResponse))
#1 E:\wamp\www\blog\index.php(41): require('E:\\wamp\\www\\blo...')
#2 {main}
2015-06-15 04:31:54 Error: [MissingControllerException] Controller class Controller could not be found.
Exception Attributes: array (
  'class' => 'Controller',
  'plugin' => NULL,
)
Request URL: /blog/
Stack Trace:
#0 E:\wamp\www\blog\app\webroot\index.php(118): Dispatcher->dispatch(Object(CakeRequest), Object(CakeResponse))
#1 E:\wamp\www\blog\index.php(41): require('E:\\wamp\\www\\blo...')
#2 {main}
2015-06-15 04:31:54 Error: [MissingControllerException] Controller class Controller could not be found.
Exception Attributes: array (
  'class' => 'Controller',
  'plugin' => NULL,
)
Request URL: /blog/
Stack Trace:
#0 E:\wamp\www\blog\app\webroot\index.php(118): Dispatcher->dispatch(Object(CakeRequest), Object(CakeResponse))
#1 E:\wamp\www\blog\index.php(41): require('E:\\wamp\\www\\blo...')
#2 {main}
2015-06-15 04:38:02 Error: [MissingActionException] Action UsersController::display() could not be found.
Exception Attributes: array (
  'controller' => 'UsersController',
  'action' => 'display',
)
Request URL: /blog/
Stack Trace:
#0 E:\wamp\www\blog\lib\Cake\Routing\Dispatcher.php(193): Controller->invokeAction(Object(CakeRequest))
#1 E:\wamp\www\blog\lib\Cake\Routing\Dispatcher.php(167): Dispatcher->_invoke(Object(UsersController), Object(CakeRequest))
#2 E:\wamp\www\blog\app\webroot\index.php(118): Dispatcher->dispatch(Object(CakeRequest), Object(CakeResponse))
#3 E:\wamp\www\blog\index.php(41): require('E:\\wamp\\www\\blo...')
#4 {main}
2015-06-15 04:38:24 Error: [MissingTableException] Table autos for model Auto was not found in datasource default.
Exception Attributes: array (
  'table' => 'autos',
  'class' => 'Auto',
  'ds' => 'default',
)
Request URL: /blog/
Stack Trace:
#0 E:\wamp\www\blog\lib\Cake\Model\Model.php(3644): Model->setSource('autos')
#1 E:\wamp\www\blog\lib\Cake\Model\Model.php(1387): Model->getDataSource()
#2 E:\wamp\www\blog\lib\Cake\Model\Datasource\DboSource.php(2516): Model->schema()
#3 E:\wamp\www\blog\lib\Cake\Model\Datasource\DboSource.php(1741): DboSource->fields(Object(AppModel), 'Auto', '')
#4 E:\wamp\www\blog\lib\Cake\Model\Datasource\DboSource.php(1093): DboSource->generateAssociationQuery(Object(User), Object(AppModel), 'belongsTo', 'Auto', Array, Array, false)
#5 E:\wamp\www\blog\lib\Cake\Model\Model.php(3022): DboSource->read(Object(User), Array)
#6 E:\wamp\www\blog\lib\Cake\Model\Model.php(2994): Model->_readDataSource('all', Array)
#7 E:\wamp\www\blog\lib\Cake\Controller\Component\PaginatorComponent.php(196): Model->find('all', Array)
#8 E:\wamp\www\blog\app\Controller\UsersController.php(25): PaginatorComponent->paginate()
#9 [internal function]: UsersController->index('view')
#10 E:\wamp\www\blog\lib\Cake\Controller\Controller.php(490): ReflectionMethod->invokeArgs(Object(UsersController), Array)
#11 E:\wamp\www\blog\lib\Cake\Routing\Dispatcher.php(193): Controller->invokeAction(Object(CakeRequest))
#12 E:\wamp\www\blog\lib\Cake\Routing\Dispatcher.php(167): Dispatcher->_invoke(Object(UsersController), Object(CakeRequest))
#13 E:\wamp\www\blog\app\webroot\index.php(118): Dispatcher->dispatch(Object(CakeRequest), Object(CakeResponse))
#14 E:\wamp\www\blog\index.php(41): require('E:\\wamp\\www\\blo...')
#15 {main}
2015-06-15 04:41:36 Error: [MissingActionException] Action UsersController::index() could not be found.
Exception Attributes: array (
  'controller' => 'UsersController',
  'action' => 'index',
)
Request URL: /blog/
Stack Trace:
#0 E:\wamp\www\blog\lib\Cake\Routing\Dispatcher.php(193): Controller->invokeAction(Object(CakeRequest))
#1 E:\wamp\www\blog\lib\Cake\Routing\Dispatcher.php(167): Dispatcher->_invoke(Object(UsersController), Object(CakeRequest))
#2 E:\wamp\www\blog\app\webroot\index.php(118): Dispatcher->dispatch(Object(CakeRequest), Object(CakeResponse))
#3 E:\wamp\www\blog\index.php(41): require('E:\\wamp\\www\\blo...')
#4 {main}
2015-06-15 05:00:03 Error: [MissingControllerException] Controller class Controller could not be found.
Exception Attributes: array (
  'class' => 'Controller',
  'plugin' => NULL,
)
Request URL: /blog/
Stack Trace:
#0 E:\wamp\www\blog\app\webroot\index.php(118): Dispatcher->dispatch(Object(CakeRequest), Object(CakeResponse))
#1 E:\wamp\www\blog\index.php(41): require('E:\\wamp\\www\\blo...')
#2 {main}
2015-06-15 05:20:36 Error: [MissingControllerException] Controller class BlogController could not be found.
Exception Attributes: array (
  'class' => 'BlogController',
  'plugin' => NULL,
)
Request URL: /blog/index.php/blog/
Stack Trace:
#0 E:\wamp\www\blog\app\webroot\index.php(118): Dispatcher->dispatch(Object(CakeRequest), Object(CakeResponse))
#1 E:\wamp\www\blog\index.php(41): require('E:\\wamp\\www\\blo...')
#2 {main}
2015-06-15 05:20:56 Error: [MissingControllerException] Controller class BlogController could not be found.
Exception Attributes: array (
  'class' => 'BlogController',
  'plugin' => NULL,
)
Request URL: /blog/index.phpblog/blog/
Stack Trace:
#0 E:\wamp\www\blog\app\webroot\index.php(118): Dispatcher->dispatch(Object(CakeRequest), Object(CakeResponse))
#1 E:\wamp\www\blog\index.php(41): require('E:\\wamp\\www\\blo...')
#2 {main}
2015-06-15 05:21:01 Error: [MissingControllerException] Controller class BlogController could not be found.
Exception Attributes: array (
  'class' => 'BlogController',
  'plugin' => NULL,
)
Request URL: /blog/index.php/blog/blog/
Stack Trace:
#0 E:\wamp\www\blog\app\webroot\index.php(118): Dispatcher->dispatch(Object(CakeRequest), Object(CakeResponse))
#1 E:\wamp\www\blog\index.php(41): require('E:\\wamp\\www\\blo...')
#2 {main}
2015-06-15 05:21:01 Error: [MissingActionException] Action AppController::webroot() could not be found.
Exception Attributes: array (
  'controller' => 'AppController',
  'action' => 'webroot',
)
Request URL: /blog/index.php/blog/app/webroot/css/cake.generic.css
Stack Trace:
#0 E:\wamp\www\blog\lib\Cake\Routing\Dispatcher.php(193): Controller->invokeAction(Object(CakeRequest))
#1 E:\wamp\www\blog\lib\Cake\Routing\Dispatcher.php(167): Dispatcher->_invoke(Object(AppController), Object(CakeRequest))
#2 E:\wamp\www\blog\app\webroot\index.php(118): Dispatcher->dispatch(Object(CakeRequest), Object(CakeResponse))
#3 E:\wamp\www\blog\index.php(41): require('E:\\wamp\\www\\blo...')
#4 {main}
2015-06-15 05:21:01 Error: [MissingActionException] Action AppController::webroot() could not be found.
Exception Attributes: array (
  'controller' => 'AppController',
  'action' => 'webroot',
)
Request URL: /blog/index.php/blog/app/webroot/favicon.ico
Stack Trace:
#0 E:\wamp\www\blog\lib\Cake\Routing\Dispatcher.php(193): Controller->invokeAction(Object(CakeRequest))
#1 E:\wamp\www\blog\lib\Cake\Routing\Dispatcher.php(167): Dispatcher->_invoke(Object(AppController), Object(CakeRequest))
#2 E:\wamp\www\blog\app\webroot\index.php(118): Dispatcher->dispatch(Object(CakeRequest), Object(CakeResponse))
#3 E:\wamp\www\blog\index.php(41): require('E:\\wamp\\www\\blo...')
#4 {main}
2015-06-15 05:21:01 Error: [MissingActionException] Action AppController::webroot() could not be found.
Exception Attributes: array (
  'controller' => 'AppController',
  'action' => 'webroot',
)
Request URL: /blog/index.php/blog/app/webroot/img/cake.power.gif
Stack Trace:
#0 E:\wamp\www\blog\lib\Cake\Routing\Dispatcher.php(193): Controller->invokeAction(Object(CakeRequest))
#1 E:\wamp\www\blog\lib\Cake\Routing\Dispatcher.php(167): Dispatcher->_invoke(Object(AppController), Object(CakeRequest))
#2 E:\wamp\www\blog\app\webroot\index.php(118): Dispatcher->dispatch(Object(CakeRequest), Object(CakeResponse))
#3 E:\wamp\www\blog\index.php(41): require('E:\\wamp\\www\\blo...')
#4 {main}
2015-06-15 05:21:01 Error: [MissingActionException] Action AppController::webroot() could not be found.
Exception Attributes: array (
  'controller' => 'AppController',
  'action' => 'webroot',
)
Request URL: /blog/index.php/blog/app/webroot/favicon.ico
Stack Trace:
#0 E:\wamp\www\blog\lib\Cake\Routing\Dispatcher.php(193): Controller->invokeAction(Object(CakeRequest))
#1 E:\wamp\www\blog\lib\Cake\Routing\Dispatcher.php(167): Dispatcher->_invoke(Object(AppController), Object(CakeRequest))
#2 E:\wamp\www\blog\app\webroot\index.php(118): Dispatcher->dispatch(Object(CakeRequest), Object(CakeResponse))
#3 E:\wamp\www\blog\index.php(41): require('E:\\wamp\\www\\blo...')
#4 {main}
2015-06-15 05:21:02 Error: [MissingActionException] Action AppController::webroot() could not be found.
Exception Attributes: array (
  'controller' => 'AppController',
  'action' => 'webroot',
)
Request URL: /blog/index.php/blog/app/webroot/favicon.ico
Stack Trace:
#0 E:\wamp\www\blog\lib\Cake\Routing\Dispatcher.php(193): Controller->invokeAction(Object(CakeRequest))
#1 E:\wamp\www\blog\lib\Cake\Routing\Dispatcher.php(167): Dispatcher->_invoke(Object(AppController), Object(CakeRequest))
#2 E:\wamp\www\blog\app\webroot\index.php(118): Dispatcher->dispatch(Object(CakeRequest), Object(CakeResponse))
#3 E:\wamp\www\blog\index.php(41): require('E:\\wamp\\www\\blo...')
#4 {main}
2015-06-15 05:21:02 Error: [MissingActionException] Action AppController::webroot() could not be found.
Exception Attributes: array (
  'controller' => 'AppController',
  'action' => 'webroot',
)
Request URL: /blog/index.php/blog/app/webroot/favicon.ico
Stack Trace:
#0 E:\wamp\www\blog\lib\Cake\Routing\Dispatcher.php(193): Controller->invokeAction(Object(CakeRequest))
#1 E:\wamp\www\blog\lib\Cake\Routing\Dispatcher.php(167): Dispatcher->_invoke(Object(AppController), Object(CakeRequest))
#2 E:\wamp\www\blog\app\webroot\index.php(118): Dispatcher->dispatch(Object(CakeRequest), Object(CakeResponse))
#3 E:\wamp\www\blog\index.php(41): require('E:\\wamp\\www\\blo...')
#4 {main}
2015-06-15 05:21:10 Error: [MissingControllerException] Controller class BlogController could not be found.
Exception Attributes: array (
  'class' => 'BlogController',
  'plugin' => NULL,
)
Request URL: /blog/index.php/blog/
Stack Trace:
#0 E:\wamp\www\blog\app\webroot\index.php(118): Dispatcher->dispatch(Object(CakeRequest), Object(CakeResponse))
#1 E:\wamp\www\blog\index.php(41): require('E:\\wamp\\www\\blo...')
#2 {main}
2015-06-15 05:21:49 Error: [MissingControllerException] Controller class BlogController could not be found.
Exception Attributes: array (
  'class' => 'BlogController',
  'plugin' => NULL,
)
Request URL: /blog/index.php/blog/
Stack Trace:
#0 E:\wamp\www\blog\app\webroot\index.php(118): Dispatcher->dispatch(Object(CakeRequest), Object(CakeResponse))
#1 E:\wamp\www\blog\index.php(41): require('E:\\wamp\\www\\blo...')
#2 {main}
2015-06-15 05:22:25 Error: [MissingControllerException] Controller class BlogController could not be found.
Exception Attributes: array (
  'class' => 'BlogController',
  'plugin' => NULL,
)
Request URL: localhost/blog/index.php/blog/
Stack Trace:
#0 E:\wamp\www\blog\app\webroot\index.php(118): Dispatcher->dispatch(Object(CakeRequest), Object(CakeResponse))
#1 E:\wamp\www\blog\index.php(41): require('E:\\wamp\\www\\blo...')
#2 {main}
2015-06-15 05:22:30 Error: [MissingControllerException] Controller class BlogController could not be found.
Exception Attributes: array (
  'class' => 'BlogController',
  'plugin' => NULL,
)
Request URL: localhost//blog/index.php/blog/
Stack Trace:
#0 E:\wamp\www\blog\app\webroot\index.php(118): Dispatcher->dispatch(Object(CakeRequest), Object(CakeResponse))
#1 E:\wamp\www\blog\index.php(41): require('E:\\wamp\\www\\blo...')
#2 {main}
2015-06-15 05:22:36 Error: [MissingControllerException] Controller class BlogController could not be found.
Exception Attributes: array (
  'class' => 'BlogController',
  'plugin' => NULL,
)
Request URL: http://localhost//blog/index.php/blog/
Stack Trace:
#0 E:\wamp\www\blog\app\webroot\index.php(118): Dispatcher->dispatch(Object(CakeRequest), Object(CakeResponse))
#1 E:\wamp\www\blog\index.php(41): require('E:\\wamp\\www\\blo...')
#2 {main}
2015-06-15 05:22:44 Error: [MissingControllerException] Controller class BlogController could not be found.
Exception Attributes: array (
  'class' => 'BlogController',
  'plugin' => NULL,
)
Request URL: /blog/index.php/blog/
Stack Trace:
#0 E:\wamp\www\blog\app\webroot\index.php(118): Dispatcher->dispatch(Object(CakeRequest), Object(CakeResponse))
#1 E:\wamp\www\blog\index.php(41): require('E:\\wamp\\www\\blo...')
#2 {main}
2015-06-15 05:24:42 Error: [MissingControllerException] Controller class Controller could not be found.
Exception Attributes: array (
  'class' => 'Controller',
  'plugin' => NULL,
)
Request URL: /blog/
Stack Trace:
#0 E:\wamp\www\blog\app\webroot\index.php(118): Dispatcher->dispatch(Object(CakeRequest), Object(CakeResponse))
#1 E:\wamp\www\blog\index.php(41): require('E:\\wamp\\www\\blo...')
#2 {main}
2015-06-15 05:26:35 Error: [MissingControllerException] Controller class Controller could not be found.
Exception Attributes: array (
  'class' => 'Controller',
  'plugin' => NULL,
)
Request URL: /blog/
Stack Trace:
#0 E:\wamp\www\blog\app\webroot\index.php(118): Dispatcher->dispatch(Object(CakeRequest), Object(CakeResponse))
#1 E:\wamp\www\blog\index.php(41): require('E:\\wamp\\www\\blo...')
#2 {main}
2015-06-15 05:27:16 Error: [MissingControllerException] Controller class Controller could not be found.
Exception Attributes: array (
  'class' => 'Controller',
  'plugin' => NULL,
)
Request URL: /blog/
Stack Trace:
#0 E:\wamp\www\blog\app\webroot\index.php(118): Dispatcher->dispatch(Object(CakeRequest), Object(CakeResponse))
#1 E:\wamp\www\blog\index.php(41): require('E:\\wamp\\www\\blo...')
#2 {main}
2015-06-15 05:29:38 Error: [MissingControllerException] Controller class Controller could not be found.
Exception Attributes: array (
  'class' => 'Controller',
  'plugin' => NULL,
)
Request URL: /blog/
Stack Trace:
#0 E:\wamp\www\blog\app\webroot\index.php(118): Dispatcher->dispatch(Object(CakeRequest), Object(CakeResponse))
#1 {main}
2015-06-15 05:30:07 Error: [MissingActionException] Action UsersController::display() could not be found.
Exception Attributes: array (
  'controller' => 'UsersController',
  'action' => 'display',
)
Request URL: /blog/users/display
Stack Trace:
#0 E:\wamp\www\blog\lib\Cake\Routing\Dispatcher.php(193): Controller->invokeAction(Object(CakeRequest))
#1 E:\wamp\www\blog\lib\Cake\Routing\Dispatcher.php(167): Dispatcher->_invoke(Object(UsersController), Object(CakeRequest))
#2 E:\wamp\www\blog\app\webroot\index.php(118): Dispatcher->dispatch(Object(CakeRequest), Object(CakeResponse))
#3 {main}
2015-06-18 17:50:18 Error: [MissingControllerException] Controller class Controller could not be found.
Exception Attributes: array (
  'class' => 'Controller',
  'plugin' => NULL,
)
Request URL: /blog/
Stack Trace:
#0 E:\wamp\www\blog\app\webroot\index.php(118): Dispatcher->dispatch(Object(CakeRequest), Object(CakeResponse))
#1 {main}
